<?xml version="1.0" encoding="UTF-8"?>
<robot generator="Robot 5.0 (Python 3.10.1 on win32)" generated="20220509 15:15:25.102" rpa="false" schemaversion="3">
<suite id="s1" name="Verify Valid Credential Suite" source="E:\OrangeHRMAutomation\LoginSuite\verify_valid_credential_suite.robot">
<test id="s1-t1" name="Valid Credential Test" line="10">
<kw name="Append To Environment Variable" library="OperatingSystem">
<arg>Path</arg>
<arg>${EXECDIR}${/}driver</arg>
<doc>Appends given ``values`` to environment variable ``name``.</doc>
<msg timestamp="20220509 15:15:25.383" level="INFO">Environment variable 'Path' set to value 'C:\Windows\system32;C:\Windows;C:\Windows\System32\Wbem;C:\Windows\System32\WindowsPowerShell\v1.0\;C:\Program Files\Git\cmd;C:\Users\DELL\AppData\Local\Programs\Python\Python310\Scripts\;C:\Users\DELL\AppData\Local\Programs\Python\Python310\;C:\Users\DELL\AppData\Local\Microsoft\WindowsApps;C:\Users\DELL\AppData\Local\Programs\Microsoft VS Code\bin;C:\MingW\mingw32\bin;;E:\OrangeHRMAutomation\driver'.</msg>
<status status="PASS" starttime="20220509 15:15:25.383" endtime="20220509 15:15:25.383"/>
</kw>
<kw name="Open Browser" library="SeleniumLibrary">
<arg>browser=chrome</arg>
<doc>Opens a new browser instance to the optional ``url``.</doc>
<msg timestamp="20220509 15:15:25.383" level="INFO">Opening browser 'chrome' to base url 'None'.</msg>
<status status="PASS" starttime="20220509 15:15:25.383" endtime="20220509 15:15:30.278"/>
</kw>
<kw name="Maximize Browser Window" library="SeleniumLibrary">
<doc>Maximizes current browser window.</doc>
<status status="PASS" starttime="20220509 15:15:30.278" endtime="20220509 15:15:30.428"/>
</kw>
<kw name="Set Selenium Implicit Wait" library="SeleniumLibrary">
<arg>30s</arg>
<doc>Sets the implicit wait value used by Selenium.</doc>
<status status="PASS" starttime="20220509 15:15:30.428" endtime="20220509 15:15:30.428"/>
</kw>
<kw name="Go To" library="SeleniumLibrary">
<arg>url=https://opensource-demo.orangehrmlive.com/</arg>
<doc>Navigates the current browser window to the provided ``url``.</doc>
<msg timestamp="20220509 15:15:30.428" level="INFO">Opening url 'https://opensource-demo.orangehrmlive.com/'</msg>
<status status="PASS" starttime="20220509 15:15:30.428" endtime="20220509 15:15:58.173"/>
</kw>
<kw name="Input Text" library="SeleniumLibrary">
<arg>id=txtUsername</arg>
<arg>Admin</arg>
<doc>Types the given ``text`` into the text field identified by ``locator``.</doc>
<msg timestamp="20220509 15:15:58.176" level="INFO">Typing text 'Admin' into text field 'id=txtUsername'.</msg>
<status status="PASS" starttime="20220509 15:15:58.175" endtime="20220509 15:15:58.317"/>
</kw>
<kw name="Input Password" library="SeleniumLibrary">
<arg>id=txtPassword</arg>
<arg>adjdnd</arg>
<doc>Types the given password into the text field identified by ``locator``.</doc>
<msg timestamp="20220509 15:15:58.318" level="INFO">Typing password into text field 'id=txtPassword'.</msg>
<msg timestamp="20220509 15:15:58.392" level="INFO">Temporally setting log level to: NONE</msg>
<msg timestamp="20220509 15:15:58.457" level="INFO">Log level changed from NONE to INFO.</msg>
<status status="PASS" starttime="20220509 15:15:58.318" endtime="20220509 15:15:58.457"/>
</kw>
<kw name="Click Element" library="SeleniumLibrary">
<arg>id=btnLogin</arg>
<doc>Click the element identified by ``locator``.</doc>
<msg timestamp="20220509 15:15:58.459" level="INFO">Clicking element 'id=btnLogin'.</msg>
<status status="PASS" starttime="20220509 15:15:58.458" endtime="20220509 15:16:02.360"/>
</kw>
<kw name="Page Should Contain" library="SeleniumLibrary">
<arg>My Info</arg>
<doc>Verifies that current page contains ``text``.</doc>
<msg timestamp="20220509 15:16:05.646" level="WARN">Keyword 'Capture Page Screenshot' could not be run on failure: Message: no such window: target window already closed
from unknown error: web view not found
  (Session info: chrome=101.0.4951.54)
</msg>
<msg timestamp="20220509 15:16:05.650" level="FAIL">NoSuchWindowException: Message: no such window: target window already closed
from unknown error: web view not found
  (Session info: chrome=101.0.4951.54)
</msg>
<status status="FAIL" starttime="20220509 15:16:02.362" endtime="20220509 15:16:06.872"/>
</kw>
<status status="FAIL" starttime="20220509 15:15:25.383" endtime="20220509 15:16:06.873">NoSuchWindowException: Message: no such window: target window already closed
from unknown error: web view not found
  (Session info: chrome=101.0.4951.54)
</status>
</test>
<doc>this suite will handle valid credential
test - TC_OH_2</doc>
<status status="FAIL" starttime="20220509 15:15:25.102" endtime="20220509 15:16:06.875"/>
</suite>
<statistics>
<total>
<stat pass="0" fail="1" skip="0">All Tests</stat>
</total>
<tag>
</tag>
<suite>
<stat pass="0" fail="1" skip="0" id="s1" name="Verify Valid Credential Suite">Verify Valid Credential Suite</stat>
</suite>
</statistics>
<errors>
<msg timestamp="20220509 15:16:05.646" level="WARN">Keyword 'Capture Page Screenshot' could not be run on failure: Message: no such window: target window already closed
from unknown error: web view not found
  (Session info: chrome=101.0.4951.54)
</msg>
</errors>
</robot>
